1499471022.381999 client started (65241): version 2.5, socket /private/tmp/tmux-502/default, protocol 8
1499471022.382029 on Darwin 16.6.0 Darwin Kernel Version 16.6.0: Fri Apr 14 16:21:16 PDT 2017; root:xnu-3789.60.24~6/RELEASE_X86_64; libevent 2.1.8-stable (select)
1499471022.382063 socket is /private/tmp/tmux-502/default
1499471022.382076 trying connect
1499471022.382146 add peer 0x7fe2dd801000: 6 (0x0)
1499471022.383211 sending message 100 to peer 0x7fe2dd801000 (4 bytes)
1499471022.383225 sending message 101 to peer 0x7fe2dd801000 (16 bytes)
1499471022.383229 sending message 102 to peer 0x7fe2dd801000 (13 bytes)
1499471022.383233 sending message 108 to peer 0x7fe2dd801000 (26 bytes)
1499471022.383242 sending message 104 to peer 0x7fe2dd801000 (0 bytes)
1499471022.383245 sending message 107 to peer 0x7fe2dd801000 (4 bytes)
1499471022.383249 sending message 105 to peer 0x7fe2dd801000 (16 bytes)
1499471022.383252 sending message 105 to peer 0x7fe2dd801000 (23 bytes)
1499471022.383255 sending message 105 to peer 0x7fe2dd801000 (35 bytes)
1499471022.383258 sending message 105 to peer 0x7fe2dd801000 (16 bytes)
1499471022.383261 sending message 105 to peer 0x7fe2dd801000 (21 bytes)
1499471022.383264 sending message 105 to peer 0x7fe2dd801000 (16 bytes)
1499471022.383267 sending message 105 to peer 0x7fe2dd801000 (57 bytes)
1499471022.383270 sending message 105 to peer 0x7fe2dd801000 (76 bytes)
1499471022.383273 sending message 105 to peer 0x7fe2dd801000 (28 bytes)
1499471022.383276 sending message 105 to peer 0x7fe2dd801000 (60 bytes)
1499471022.383279 sending message 105 to peer 0x7fe2dd801000 (15 bytes)
1499471022.383283 sending message 105 to peer 0x7fe2dd801000 (30 bytes)
1499471022.383286 sending message 105 to peer 0x7fe2dd801000 (66 bytes)
1499471022.383289 sending message 105 to peer 0x7fe2dd801000 (38 bytes)
1499471022.383292 sending message 105 to peer 0x7fe2dd801000 (43 bytes)
1499471022.383295 sending message 105 to peer 0x7fe2dd801000 (172 bytes)
1499471022.383298 sending message 105 to peer 0x7fe2dd801000 (30 bytes)
1499471022.383301 sending message 105 to peer 0x7fe2dd801000 (26 bytes)
1499471022.383304 sending message 105 to peer 0x7fe2dd801000 (22 bytes)
1499471022.383308 sending message 105 to peer 0x7fe2dd801000 (14 bytes)
1499471022.383311 sending message 105 to peer 0x7fe2dd801000 (13 bytes)
1499471022.383314 sending message 105 to peer 0x7fe2dd801000 (16 bytes)
1499471022.383317 sending message 105 to peer 0x7fe2dd801000 (19 bytes)
1499471022.383320 sending message 105 to peer 0x7fe2dd801000 (8 bytes)
1499471022.383323 sending message 105 to peer 0x7fe2dd801000 (22 bytes)
1499471022.383326 sending message 105 to peer 0x7fe2dd801000 (15 bytes)
1499471022.383329 sending message 105 to peer 0x7fe2dd801000 (61 bytes)
1499471022.383332 sending message 105 to peer 0x7fe2dd801000 (18 bytes)
1499471022.383335 sending message 105 to peer 0x7fe2dd801000 (24 bytes)
1499471022.383338 sending message 105 to peer 0x7fe2dd801000 (33 bytes)
1499471022.383341 sending message 105 to peer 0x7fe2dd801000 (17 bytes)
1499471022.383344 sending message 105 to peer 0x7fe2dd801000 (22 bytes)
1499471022.383347 sending message 105 to peer 0x7fe2dd801000 (17 bytes)
1499471022.383350 sending message 105 to peer 0x7fe2dd801000 (15 bytes)
1499471022.383353 sending message 106 to peer 0x7fe2dd801000 (0 bytes)
1499471022.383359 sending message 200 to peer 0x7fe2dd801000 (4 bytes)
1499471022.383364 client loop enter
1499471022.383552 peer 0x7fe2dd801000 message 211
1499471022.383570 peer 0x7fe2dd801000 message 203
1499471022.383576 client loop exit
