1499471030.736670 client started (65273): version 2.5, socket /private/tmp/tmux-502/default, protocol 8
1499471030.736698 on Darwin 16.6.0 Darwin Kernel Version 16.6.0: Fri Apr 14 16:21:16 PDT 2017; root:xnu-3789.60.24~6/RELEASE_X86_64; libevent 2.1.8-stable (select)
1499471030.736730 socket is /private/tmp/tmux-502/default
1499471030.736743 trying connect
1499471030.736764 connect failed: Connection refused
1499471030.736913 lock file is /private/tmp/tmux-502/default.lock
1499471030.737003 flock succeeded
1499471030.737008 got lock (7)
1499471030.737013 trying connect
1499471030.737019 connect failed: Connection refused
1499471030.738847 add peer 0x7f9fd7000000: 8 (0x0)
1499471030.740418 sending message 100 to peer 0x7f9fd7000000 (4 bytes)
1499471030.740439 sending message 101 to peer 0x7f9fd7000000 (15 bytes)
1499471030.740443 sending message 102 to peer 0x7f9fd7000000 (13 bytes)
1499471030.740447 sending message 108 to peer 0x7f9fd7000000 (26 bytes)
1499471030.740457 sending message 104 to peer 0x7f9fd7000000 (0 bytes)
1499471030.740461 sending message 107 to peer 0x7f9fd7000000 (4 bytes)
1499471030.740464 sending message 105 to peer 0x7f9fd7000000 (60 bytes)
1499471030.740467 sending message 105 to peer 0x7f9fd7000000 (66 bytes)
1499471030.740470 sending message 105 to peer 0x7f9fd7000000 (76 bytes)
1499471030.740473 sending message 105 to peer 0x7f9fd7000000 (15 bytes)
1499471030.740476 sending message 105 to peer 0x7f9fd7000000 (22 bytes)
1499471030.740479 sending message 105 to peer 0x7f9fd7000000 (14 bytes)
1499471030.740482 sending message 105 to peer 0x7f9fd7000000 (30 bytes)
1499471030.740485 sending message 105 to peer 0x7f9fd7000000 (16 bytes)
1499471030.740488 sending message 105 to peer 0x7f9fd7000000 (28 bytes)
1499471030.740491 sending message 105 to peer 0x7f9fd7000000 (23 bytes)
1499471030.740495 sending message 105 to peer 0x7f9fd7000000 (172 bytes)
1499471030.740498 sending message 105 to peer 0x7f9fd7000000 (20 bytes)
1499471030.740501 sending message 105 to peer 0x7f9fd7000000 (22 bytes)
1499471030.740504 sending message 105 to peer 0x7f9fd7000000 (57 bytes)
1499471030.740507 sending message 105 to peer 0x7f9fd7000000 (15 bytes)
1499471030.740510 sending message 105 to peer 0x7f9fd7000000 (19 bytes)
1499471030.740513 sending message 105 to peer 0x7f9fd7000000 (18 bytes)
1499471030.740516 sending message 105 to peer 0x7f9fd7000000 (61 bytes)
1499471030.740519 sending message 105 to peer 0x7f9fd7000000 (38 bytes)
1499471030.740522 sending message 105 to peer 0x7f9fd7000000 (8 bytes)
1499471030.740525 sending message 105 to peer 0x7f9fd7000000 (24 bytes)
1499471030.740528 sending message 105 to peer 0x7f9fd7000000 (16 bytes)
1499471030.740531 sending message 105 to peer 0x7f9fd7000000 (26 bytes)
1499471030.740534 sending message 105 to peer 0x7f9fd7000000 (24 bytes)
1499471030.740537 sending message 105 to peer 0x7f9fd7000000 (35 bytes)
1499471030.740540 sending message 105 to peer 0x7f9fd7000000 (30 bytes)
1499471030.740543 sending message 105 to peer 0x7f9fd7000000 (16 bytes)
1499471030.740546 sending message 105 to peer 0x7f9fd7000000 (16 bytes)
1499471030.740549 sending message 105 to peer 0x7f9fd7000000 (17 bytes)
1499471030.740552 sending message 105 to peer 0x7f9fd7000000 (22 bytes)
1499471030.740555 sending message 105 to peer 0x7f9fd7000000 (17 bytes)
1499471030.740558 sending message 105 to peer 0x7f9fd7000000 (15 bytes)
1499471030.740561 sending message 106 to peer 0x7f9fd7000000 (0 bytes)
1499471030.740567 sending message 200 to peer 0x7f9fd7000000 (4 bytes)
1499471030.740572 client loop enter
1499471030.756403 peer 0x7f9fd7000000 message 207
1499471030.756415 sending message 208 to peer 0x7f9fd7000000 (0 bytes)
1499471036.997110 peer 0x7f9fd7000000 message 203
1499471036.997124 sending message 205 to peer 0x7f9fd7000000 (0 bytes)
1499471036.997365 peer 0x7f9fd7000000 message 204
1499471036.997374 client loop exit
